<?xml version="1.0" encoding="UTF-8"?>
<testng-results ignored="0" total="1" passed="1" failed="0" skipped="0">
  <reporter-output>
  </reporter-output>
  <suite started-at="2021-08-03T03:40:55 AEST" name="Default suite" finished-at="2021-08-03T03:41:03 AEST" duration-ms="7802">
    <groups>
    </groups>
    <test started-at="2021-08-03T03:40:55 AEST" name="Default test" finished-at="2021-08-03T03:41:03 AEST" duration-ms="7802">
      <class name="APIAutomation.PetAPI">
        <test-method signature="pet()[pri:0, instance:APIAutomation.PetAPI@6692b6c6]" started-at="2021-08-03T03:40:55 AEST" name="pet" finished-at="2021-08-03T03:41:03 AEST" duration-ms="7626" status="PASS">
          <reporter-output>
          </reporter-output>
        </test-method> <!-- pet -->
      </class> <!-- APIAutomation.PetAPI -->
    </test> <!-- Default test -->
  </suite> <!-- Default suite -->
</testng-results>
